0 info it worked if it ends with ok
1 verbose cli [ 'node', '/usr/local/bin/npm', 'install', 'erb' ]
2 info using npm@1.1.65
3 info using node@v0.8.14
4 verbose read json /Users/brian/Public/proto/fashion/package.json
5 verbose read json /Users/brian/Public/proto/fashion/node_modules/express/package.json
6 verbose read json /Users/brian/Public/proto/fashion/node_modules/express-partials/package.json
7 verbose read json /Users/brian/Public/proto/fashion/node_modules/express-singly/package.json
8 verbose read json /Users/brian/Public/proto/fashion/node_modules/jade/package.json
9 verbose read json /Users/brian/Public/proto/fashion/node_modules/markx/package.json
10 verbose read json /Users/brian/Public/proto/fashion/node_modules/mongoose/package.json
11 verbose read json /Users/brian/Public/proto/fashion/node_modules/passport/package.json
12 verbose read json /Users/brian/Public/proto/fashion/node_modules/passport-twitter/package.json
13 verbose read json /Users/brian/Public/proto/fashion/node_modules/request/package.json
14 verbose read json /Users/brian/Public/proto/fashion/node_modules/sprintf/package.json
15 verbose read json /Users/brian/Public/proto/fashion/node_modules/util/package.json
16 verbose from cache /Users/brian/Public/proto/fashion/package.json
17 verbose readDependencies using package.json deps
18 verbose cache add [ 'erb', null ]
19 silly cache add name=undefined spec="erb" args=["erb",null]
20 verbose parsed url { pathname: 'erb', path: 'erb', href: 'erb' }
21 silly lockFile 38b031b8-erb erb
22 verbose lock erb /Users/brian/.npm/38b031b8-erb.lock
23 silly lockFile 38b031b8-erb erb
24 verbose addNamed [ 'erb', '' ]
25 verbose addNamed [ null, '' ]
26 silly lockFile e97316d9-erb erb@
27 verbose lock erb@ /Users/brian/.npm/e97316d9-erb.lock
28 silly addNameRange { name: 'erb', range: '', hasData: false }
29 verbose url raw erb
30 verbose url resolving [ 'https://registry.npmjs.org/', './erb' ]
31 verbose url resolved https://registry.npmjs.org/erb
32 info trying registry request attempt 1 at 04:27:18
33 http GET https://registry.npmjs.org/erb
34 http 404 https://registry.npmjs.org/erb
35 silly registry.get cb [ 404,
35 silly registry.get   { server: 'CouchDB/1.2.1 (Erlang OTP/R15B)',
35 silly registry.get     date: 'Sun, 10 Feb 2013 09:25:25 GMT',
35 silly registry.get     'content-type': 'application/json',
35 silly registry.get     'content-length': '52',
35 silly registry.get     'cache-control': 'must-revalidate' } ]
36 silly lockFile e97316d9-erb erb@
37 error 404 'erb' is not in the npm registry.
37 error 404 You should bug the author to publish it
37 error 404
37 error 404 Note that you can also install from a
37 error 404 tarball, folder, or http url, or git url.
38 error System Darwin 12.2.1
39 error command "node" "/usr/local/bin/npm" "install" "erb"
40 error cwd /Users/brian/Public/proto/fashion
41 error node -v v0.8.14
42 error npm -v 1.1.65
43 error code E404
44 verbose exit [ 1, true ]
